<?xml version="1.0" encoding="UTF-8"?>
<!-- Generated by org.testng.reporters.JUnitXMLReporter -->
<testsuite hostname="INSGH045PMS0" ignored="0" name="MCCM E2E  Test" tests="2" failures="2" timestamp="2020-07-22T16:54:37 IST" time="1033.089" errors="0">
  <testcase name="main" time="1033.036" classname="com.mccm.automation.App">
    <failure type="java.lang.Error" message="Unresolved compilation problem: 
	The method readAllBytes() is undefined for the type InputStream
">
      <![CDATA[java.lang.Error: Unresolved compilation problem: 
The method readAllBytes() is undefined for the type InputStream

at com.mccm.automation.DBCheck_Cassandra.main(DBCheck_Cassandra.java:88)
at com.mccm.automation.App.main(App.java:314)
at java.util.ArrayList.forEach(ArrayList.java:1257)
... Removed 27 stack frames]]>
    </failure>
  </testcase> <!-- main -->
  <testcase name="main" time="1033.061" classname="com.mccm.automation.App">
    <failure type="java.lang.Error" message="Unresolved compilation problem: 
	Status cannot be resolved to a variable
">
      <![CDATA[java.lang.Error: Unresolved compilation problem: 
Status cannot be resolved to a variable

at com.mccm.automation.TestListener.onTestFailure(TestListener.java:36)
at java.util.ArrayList.forEach(ArrayList.java:1257)
... Removed 24 stack frames]]>
    </failure>
  </testcase> <!-- main -->
</testsuite> <!-- MCCM E2E  Test -->
